<?xml version="1.0" encoding="UTF-8"?>
<!-- Generated by org.testng.reporters.JUnitReportReporter -->
<testsuite hostname="JayMM" failures="0" tests="1" name="testcases.TC02_LoginTest" time="1.710" errors="0" timestamp="2024-09-02T23:02:18 IST" skipped="0">
  <testcase classname="testcases.TC02_LoginTest" name="verify_Login" time="1.710"/>
</testsuite> <!-- testcases.TC02_LoginTest -->
